[1/3] STEP 1/5: FROM adoptopenjdk/openjdk11:latest AS java_builder
[1/3] STEP 2/5: RUN apt-get update && apt-get install -y build-essential ruby-full fontconfig ttf-dejavu
--> Using cache 6c42958c86218b6f47d6487f27919ee57fb22007895fd1dd31ad0ce6af8c6d62
--> 6c42958c862
[1/3] STEP 3/5: RUN gem install jekyll
--> Using cache 718d1e4791d3a6e4f0addeb6793d21d987c77358404f1477c15dc0fab93b4954
--> 718d1e4791d
[1/3] STEP 4/5: WORKDIR /dpc-app
--> Using cache 3b7130147c946f40608c25d29e316f66384e4de91d0f0f33a979d7d0b6d603d4
--> 3b7130147c9
[1/3] STEP 5/5: COPY / /dpc-app
--> 5ee3489eea9
[2/3] STEP 1/11: FROM ruby:2.7.2-alpine AS ruby_builder
[2/3] STEP 2/11: RUN apk add --no-cache postgresql-dev &&     apk add --no-cache shared-mime-info &&     apk add --no-cache --virtual build-deps alpine-sdk npm tzdata
--> Using cache 7beb4300ba4767b4cbd5f20a7c8056c40bf220e04dc783192a71c08ca7bb1e1d
--> 7beb4300ba4
[2/3] STEP 3/11: RUN mkdir /dpc-web
--> Using cache f051296a7ef3276e02e84c2dab651e9458e1a5db40d1156d39e86a8f8311d596
--> f051296a7ef
[2/3] STEP 4/11: WORKDIR /dpc-web
--> Using cache 4c94597e33b4e7509fc41475d4aac9e3e42432ed69c3eee555465ad81df1b013
--> 4c94597e33b
[2/3] STEP 5/11: COPY /dpc-web/Gemfile /dpc-web/Gemfile.lock /dpc-web/
--> Using cache 98056bc3894474eae0f15629bbc093f7ac17062c00e3d7c65bb2c74a3d04e5ff
--> 98056bc3894
[2/3] STEP 6/11: COPY /dpc-web/package.json /dpc-web/package-lock.json /dpc-web/
--> Using cache 15089ee2de00a2df844ed34f431c700792f6d80a5691d2fc09413ff30f9036f2
--> 15089ee2de0
[2/3] STEP 7/11: RUN gem install bundler --no-document && bundle install && npm install
--> Using cache 8bf44ff4fec654823700f4b1a2cdeac9caa6b66e64176535c9318b4f2e8083f7
--> 8bf44ff4fec
[2/3] STEP 8/11: RUN bundle exec bundle audit update && bundle exec bundle audit check --ignore CVE-2015-9284
Download ruby-advisory-db ...
Cloning into '/root/.local/share/ruby-advisory-db'...
ruby-advisory-db:
  advisories:	549 advisories
  last updated:	2022-03-08 22:13:27 -0800
  commit:	bd5345e52acb2afd4f3e4c97ff22a41649626835
Name: activestorage
Version: 6.1.4.6
CVE: CVE-2022-21831
GHSA: GHSA-w749-p3v6-hccq
Criticality: Unknown
URL: https://groups.google.com/g/rubyonrails-security/c/n-p-W1yxatI
Title: Possible code injection vulnerability in Rails / Active Storage
Solution: upgrade to ~> 5.2.6, >= 5.2.6.3, ~> 6.0.4, >= 6.0.4.7, ~> 6.1.4, >= 6.1.4.7, >= 7.0.2.3

Vulnerabilities found!
[3/3] STEP 1/8: FROM ruby:2.7.2-alpine
Error: error building at STEP "RUN bundle exec bundle audit update && bundle exec bundle audit check --ignore CVE-2015-9284": error while running runtime: exit status 1
make: [Makefile:14: website] Error 125 (ignored)
